c:\users\arn\source\repos\labb6cpp\x64\debug\vc143.pdb
c:\users\arn\source\repos\labb6cpp\x64\debug\vc143.idb
c:\users\arn\source\repos\labb6cpp\x64\debug\tokenloader.obj
c:\users\arn\source\repos\labb6cpp\x64\debug\interpreter.obj
c:\users\arn\source\repos\labb6cpp\x64\debug\tokenizer.obj
c:\users\arn\source\repos\tokenizer\x64\debug\vc143.pdb
c:\users\arn\source\repos\tokenizer\x64\debug\vc143.idb
c:\users\arn\source\repos\tokenizer\x64\debug\tokenloader.obj
c:\users\arn\source\repos\tokenizer\x64\debug\tokenizer.obj
c:\users\arn\source\repos\tokenizer\x64\debug\interpreter.obj
c:\users\arn\source\repos\labb6cpp\x64\debug\labb6cpp.exe
c:\users\arn\source\repos\labb6cpp\x64\debug\labb6cpp.ilk
c:\users\arn\source\repos\labb6cpp\x64\debug\labb6cpp.pdb
c:\users\arn\source\repos\tokenizer\x64\debug\interpreter.obj.enc
c:\users\arn\source\repos\tokenizer\x64\debug\tokenizer.tlog\cl.command.1.tlog
c:\users\arn\source\repos\tokenizer\x64\debug\tokenizer.tlog\cl.items.tlog
c:\users\arn\source\repos\tokenizer\x64\debug\tokenizer.tlog\cl.read.1.tlog
c:\users\arn\source\repos\tokenizer\x64\debug\tokenizer.tlog\cl.write.1.tlog
c:\users\arn\source\repos\tokenizer\x64\debug\tokenizer.tlog\link.command.1.tlog
c:\users\arn\source\repos\tokenizer\x64\debug\tokenizer.tlog\link.read.1.tlog
c:\users\arn\source\repos\tokenizer\x64\debug\tokenizer.tlog\link.read.2.tlog
c:\users\arn\source\repos\tokenizer\x64\debug\tokenizer.tlog\link.read.3.tlog
c:\users\arn\source\repos\tokenizer\x64\debug\tokenizer.tlog\link.write.1.tlog
